cpuid_time: 1096
total cycles: 312
total cycles/instr: 3.12
Time: 1.2e-07
========== ADD1 ========== 
cpuid_time: 992
total cycles: 700
total cycles/instr: 7
Time: 2.69231e-07
========== ADD1 ========== 
cpuid_time: 1160
total cycles: 490
total cycles/instr: 4.9
Time: 1.88462e-07
========== ADD1 ========== 
cpuid_time: 944
total cycles: 650
total cycles/instr: 6.5
Time: 2.5e-07
========== ADD1 ========== 
cpuid_time: 1054
total cycles: 758
total cycles/instr: 7.58
Time: 2.91538e-07
========== ADD1 ========== 



cpuid_time: 956
total cycles: 206
total cycles/instr: 2.06
Time: 7.92308e-08
========== ADD-2 ========== 
cpuid_time: 1000
total cycles: 382
total cycles/instr: 3.82
Time: 1.46923e-07
========== ADD-2 ========== 
cpuid_time: 1062
total cycles: 596
total cycles/instr: 5.96
Time: 2.29231e-07
========== ADD-2 ========== 
cpuid_time: 1144
total cycles: 48
total cycles/instr: 0.48
Time: 1.84615e-08
========== ADD-2 ========== 
cpuid_time: 1102
total cycles: 98
total cycles/instr: 0.98
Time: 3.76923e-08
========== ADD-2 ========== 
cpuid_time: 946
total cycles: 238
total cycles/instr: 2.38
Time: 9.15385e-08
========== ADD-2 ========== 
cpuid_time: 978
total cycles: 442
total cycles/instr: 4.42
Time: 1.7e-07
========== ADD-2 ========== 






cpuid_time: 952
total cycles: 111590
total cycles/instr: 1115.9
Time: 4.29192e-05
========== fdiv ========== 
cpuid_time: 976
total cycles: 61532
total cycles/instr: 615.32
Time: 2.36662e-05
========== fdiv ========== 
cpuid_time: 946
total cycles: 67124
total cycles/instr: 671.24
Time: 2.58169e-05
========== fdiv ========== 
cpuid_time: 978
total cycles: 61494
total cycles/instr: 614.94
Time: 2.36515e-05
========== fdiv ========== 
cpuid_time: 1196
total cycles: 93060
total cycles/instr: 930.6
Time: 3.57923e-05
========== fdiv ========== 




cpuid_time: 968
total cycles: 546
total cycles/instr: 5.46
Time: 2.1e-07
========== MUl ========== 
cpuid_time: 944
total cycles: 274
total cycles/instr: 2.74
Time: 1.05385e-07
========== MUl ========== 
cpuid_time: 1074
total cycles: 256
total cycles/instr: 2.56
Time: 9.84615e-08
========== MUl ========== 
cpuid_time: 980
total cycles: 362
total cycles/instr: 3.62
Time: 1.39231e-07
========== MUl ========== 
cpuid_time: 976
total cycles: 496
total cycles/instr: 4.96
Time: 1.90769e-07
========== MUl ========== 
cpuid_time: 958
total cycles: 292
total cycles/instr: 2.92
Time: 1.12308e-07
========== MUl ========== 
cpuid_time: 1242
total cycles: 660
total cycles/instr: 6.6
Time: 2.53846e-07
========== MUl ========== 
cpuid_time: 934
total cycles: 380
total cycles/instr: 3.8
Time: 1.46154e-07
========== MUl ==========





cpuid_time: 1032
total cycles: 26528
total cycles/instr: 265.28
Time: 1.02031e-05
========== FSUB ========== 
cpuid_time: 960
total cycles: 26840
total cycles/instr: 268.4
Time: 1.03231e-05
========== FSUB ========== 
cpuid_time: 1540
total cycles: 39852
total cycles/instr: 398.52
Time: 1.53277e-05
========== FSUB ========== 
cpuid_time: 976
total cycles: 41142
total cycles/instr: 411.42
Time: 1.58238e-05
========== FSUB ========== 
cpuid_time: 996
total cycles: 26442
total cycles/instr: 264.42
Time: 1.017e-05
========== FSUB ========== 
cpuid_time: 932
total cycles: 26508
total cycles/instr: 265.08
Time: 1.01954e-05
========== FSUB ========== 
cpuid_time: 962
total cycles: 29936
total cycles/instr: 299.36
Time: 1.15138e-05
========== FSUB ========== 
cpuid_time: 958
total cycles: 29630
total cycles/instr: 296.3
Time: 1.13962e-05
========== FSUB ========== 
cpuid_time: 984
total cycles: 8936
Time: 3.43692e-06
========== Dynamic Sort (100 u_ints) ========== 
cpuid_time: 978
total cycles: 7104
Time: 2.73231e-06
========== Dynamic Sort (100 u_ints) ========== 
cpuid_time: 970
total cycles: 6294
Time: 2.42077e-06
========== Dynamic Sort (100 u_ints) ========== 
cpuid_time: 988
total cycles: 11648
Time: 4.48e-06
========== Dynamic Sort (100 u_ints) ========== 
cpuid_time: 1510
total cycles: 8114
Time: 3.12077e-06
========== Dynamic Sort (100 u_ints) ========== 
cpuid_time: 978
total cycles: 5772
Time: 2.22e-06
========== Dynamic Sort (100 u_ints) ========== 
cpuid_time: 1152
total cycles: 5294
Time: 2.03615e-06
========== Dynamic Sort (100 u_ints) ========== 
cpuid_time: 924
total cycles: 7726
Time: 2.97154e-06
========== Dynamic Sort (100 u_ints) ========== 



cpuid_time: 934
total cycles: 1298
Time: 4.99231e-07
========== Static Sort (100 u_ints) ========== 
cpuid_time: 970
total cycles: 884
Time: 3.4e-07
========== Static Sort (100 u_ints) ========== 
cpuid_time: 1342
total cycles: 1516
Time: 5.83077e-07
========== Static Sort (100 u_ints) ========== 
cpuid_time: 950
total cycles: 1098
Time: 4.22308e-07
========== Static Sort (100 u_ints) ========== 
cpuid_time: 958
total cycles: 874
Time: 3.36154e-07
========== Static Sort (100 u_ints) ========== 
cpuid_time: 1358
total cycles: 1794
Time: 6.9e-07
========== Static Sort (100 u_ints) ========== 
cpuid_time: 1334
total cycles: 1274
Time: 4.9e-07
========== Static Sort (100 u_ints) ========== 
